(take player key_yellow room_46)
(go player room_46 room_45 place68 place67 entrance_1 entrance_2 left right yellow key_yellow)
(go player room_45 room_37 place67 place57 entrance_3 entrance_4 up down yellow key_yellow)
(move room_28 place45 place55 down player room_37 terminal)
(move room_29 place46 place45 left player room_37 terminal)
(move room_30 place47 place46 left player room_37 terminal)
(move room_37 place57 place47 up player room_37 terminal)
(move room_36 place56 place57 right player room_37 terminal)
(move room_28 place55 place56 right player room_37 terminal)
(move room_29 place45 place55 down player room_37 terminal)
(move room_30 place46 place45 left player room_37 terminal)
(move room_37 place47 place46 left player room_37 terminal)
(move room_36 place57 place47 up player room_37 terminal)
(move room_38 place58 place57 left player room_37 terminal)
(move room_31 place48 place58 down player room_37 terminal)
(move room_36 place47 place48 right player room_37 terminal)
(move room_37 place46 place47 right player room_37 terminal)
(move room_28 place56 place46 up player room_37 terminal)
(move room_29 place55 place56 right player room_37 terminal)
(move room_30 place45 place55 down player room_37 terminal)
(move room_27 place44 place45 right player room_37 terminal)
(go player room_37 room_38 place47 place57 entrance_4 entrance_31 down up yellow key_yellow)
(take player key_black room_38)
(go player room_38 room_37 place57 place47 entrance_31 entrance_4 up down yellow key_yellow)
(move room_27 place45 place44 left player room_37 terminal)
(move room_30 place55 place45 up player room_37 terminal)
(move room_29 place56 place55 left player room_37 terminal)
(move room_28 place46 place56 down player room_37 terminal)
(move room_37 place47 place46 left player room_37 terminal)
(move room_38 place57 place47 up player room_37 terminal)
(move room_28 place56 place57 right player room_37 terminal)
(move room_37 place46 place56 down player room_37 terminal)
(move room_30 place45 place46 right player room_37 terminal)
(move room_29 place55 place45 up player room_37 terminal)
(move room_37 place56 place55 left player room_37 terminal)
(move room_30 place46 place56 down player room_37 terminal)
(move room_29 place45 place46 right player room_37 terminal)
(move room_27 place44 place45 right player room_37 terminal)
(move room_26 place43 place44 right player room_37 terminal)
(move room_34 place53 place43 up player room_37 terminal)
(move room_35 place54 place53 left player room_37 terminal)
(move room_26 place44 place54 down player room_37 terminal)
(move room_27 place45 place44 left player room_37 terminal)
(move room_29 place46 place45 left player room_37 terminal)
(move room_38 place47 place46 left player room_37 terminal)
(move room_28 place57 place47 up player room_37 terminal)
(move room_45 place67 place57 up player room_37 terminal)
(move room_44 place66 place67 right player room_37 terminal)
(move room_43 place65 place66 right player room_37 terminal)
(move room_42 place64 place65 right player room_37 terminal)
(move room_26 place54 place64 down player room_37 terminal)
(move room_37 place55 place54 left player room_37 terminal)
(move room_30 place56 place55 left player room_37 terminal)
(move room_43 place66 place56 up player room_37 terminal)
(move room_42 place65 place66 right player room_37 terminal)
(move room_26 place64 place65 right player room_37 terminal)
(move room_41 place63 place64 right player room_37 terminal)
(move room_35 place53 place63 down player room_37 terminal)
(move room_33 place52 place53 right player room_37 terminal)
(move room_32 place51 place52 right player room_37 terminal)
(move room_24 place41 place51 down player room_37 terminal)
(move room_25 place42 place41 left player room_37 terminal)
(move room_32 place52 place42 up player room_37 terminal)
(move room_40 place62 place52 up player room_37 terminal)
(move room_35 place63 place62 left player room_37 terminal)
(move room_33 place53 place63 down player room_37 terminal)
(move room_37 place54 place53 left player room_37 terminal)
(move room_41 place64 place54 up player room_37 terminal)
(move room_33 place63 place64 right player room_37 terminal)
(move room_49 place73 place63 up player room_37 terminal)
(move room_50 place74 place73 left player room_37 terminal)
(move room_33 place64 place74 down player room_37 terminal)
(move room_49 place63 place64 right player room_37 terminal)
(move room_35 place62 place63 right player room_37 terminal)
(move room_48 place72 place62 up player room_37 terminal)
(move room_50 place73 place72 left player room_37 terminal)
(move room_35 place63 place73 down player room_37 terminal)
(move room_37 place53 place63 down player room_37 terminal)
(move room_40 place52 place53 right player room_37 terminal)
(move room_24 place51 place52 right player room_37 terminal)
(move room_39 place61 place51 up player room_37 terminal)
(move room_48 place62 place61 left player room_37 terminal)
(move room_24 place52 place62 down player room_37 terminal)
(move room_40 place53 place52 left player room_37 terminal)
(move room_37 place63 place53 up player room_37 terminal)
(move room_35 place73 place63 up player room_37 terminal)
(move room_50 place72 place73 right player room_37 terminal)
(move room_24 place62 place72 down player room_37 terminal)
(move room_35 place63 place62 left player room_37 terminal)
(move room_49 place64 place63 left player room_37 terminal)
(move room_26 place65 place64 left player room_37 terminal)
(move room_42 place66 place65 left player room_37 terminal)
(move room_43 place56 place66 down player room_37 terminal)
(move room_45 place57 place56 left player room_37 terminal)
(move room_28 place47 place57 down player room_37 terminal)
(move room_38 place46 place47 right player room_37 terminal)
(move room_29 place45 place46 right player room_37 terminal)
(move room_27 place44 place45 right player room_37 terminal)
(move room_41 place54 place44 up player room_37 terminal)
(move room_30 place55 place54 left player room_37 terminal)
(move room_45 place56 place55 left player room_37 terminal)
(move room_28 place57 place56 left player room_37 terminal)
(move room_31 place58 place57 left player room_37 terminal)
(move room_36 place48 place58 down player room_37 terminal)
(move room_38 place47 place48 right player room_37 terminal)
(move room_29 place46 place47 right player room_37 terminal)
(move room_27 place45 place46 right player room_37 terminal)
(move room_45 place55 place45 up player room_37 terminal)
(move room_28 place56 place55 left player room_37 terminal)
(move room_31 place57 place56 left player room_37 terminal)
(move room_36 place58 place57 left player room_37 terminal)
(move room_38 place48 place58 down player room_37 terminal)
(move room_29 place47 place48 right player room_37 terminal)
(move room_36 place57 place47 up player room_37 terminal)
(move room_38 place58 place57 left player room_37 terminal)
(move room_29 place48 place58 down player room_37 terminal)
(move room_36 place47 place48 right player room_37 terminal)
(move room_27 place46 place47 right player room_37 terminal)
(move room_31 place56 place46 up player room_37 terminal)
(move room_28 place55 place56 right player room_37 terminal)
(move room_45 place45 place55 down player room_37 terminal)
(move room_41 place44 place45 right player room_37 terminal)
(move room_30 place54 place44 up player room_37 terminal)
(move room_45 place55 place54 left player room_37 terminal)
(move room_28 place56 place55 left player room_37 terminal)
(move room_31 place46 place56 down player room_37 terminal)
(move room_41 place45 place46 right player room_37 terminal)
(move room_30 place44 place45 right player room_37 terminal)
(move room_34 place43 place44 right player room_37 terminal)
(move room_32 place42 place43 right player room_37 terminal)
(move room_40 place52 place42 up player room_37 terminal)
(move room_37 place53 place52 left player room_37 terminal)
(move room_45 place54 place53 left player room_37 terminal)
(move room_28 place55 place54 left player room_37 terminal)
(move room_31 place56 place55 left player room_37 terminal)
(move room_41 place46 place56 down player room_37 terminal)
(move room_30 place45 place46 right player room_37 terminal)
(move room_34 place44 place45 right player room_37 terminal)
(move room_28 place54 place44 up player room_37 terminal)
(move room_45 place53 place54 right player room_37 terminal)
(move room_37 place52 place53 right player room_37 terminal)
(move room_35 place62 place52 up player room_37 terminal)
(move room_48 place61 place62 right player room_37 terminal)
(move room_39 place51 place61 down player room_37 terminal)
(move room_35 place52 place51 left player room_37 terminal)
(move room_48 place62 place52 up player room_37 terminal)
(move room_39 place61 place62 right player room_37 terminal)
(move room_35 place51 place61 down player room_37 terminal)
(move room_48 place52 place51 left player room_37 terminal)
(move room_39 place62 place52 up player room_37 terminal)
(move room_35 place61 place62 right player room_37 terminal)
(move room_47 place71 place61 up player room_37 terminal)
(move room_24 place72 place71 left player room_37 terminal)
(move room_50 place73 place72 left player room_37 terminal)
(move room_33 place74 place73 left player room_37 terminal)
(move room_26 place64 place74 down player room_37 terminal)
(move room_45 place54 place64 down player room_37 terminal)
(move room_37 place53 place54 right player room_37 terminal)
(move room_39 place52 place53 right player room_37 terminal)
(move room_40 place42 place52 down player room_37 terminal)
(move room_32 place43 place42 left player room_37 terminal)
(move room_39 place53 place43 up player room_37 terminal)
(move room_37 place54 place53 left player room_37 terminal)
(move room_45 place64 place54 up player room_37 terminal)
(move room_49 place63 place64 right player room_37 terminal)
(move room_35 place62 place63 right player room_37 terminal)
(move room_47 place61 place62 right player room_37 terminal)
(move room_48 place51 place61 down player room_37 terminal)
(move room_25 place41 place51 down player room_37 terminal)
(move room_32 place42 place41 left player room_37 terminal)
(move room_39 place43 place42 left player room_37 terminal)
(move room_28 place44 place43 left player room_37 terminal)
(move room_45 place54 place44 up player room_37 terminal)
(move room_37 place53 place54 right player room_37 terminal)
(move room_28 place43 place53 down player room_37 terminal)
(move room_45 place44 place43 left player room_37 terminal)
(move room_37 place54 place44 up player room_37 terminal)
(move room_49 place64 place54 up player room_37 terminal)
(move room_35 place63 place64 right player room_37 terminal)
(move room_47 place62 place63 right player room_37 terminal)
(move room_40 place52 place62 down player room_37 terminal)
(move room_28 place53 place52 left player room_37 terminal)
(move room_49 place54 place53 left player room_37 terminal)
(move room_31 place55 place54 left player room_37 terminal)
(move room_41 place56 place55 left player room_37 terminal)
(move room_30 place46 place56 down player room_37 terminal)
(move room_34 place45 place46 right player room_37 terminal)
(move room_41 place55 place45 up player room_37 terminal)
(move room_31 place54 place55 right player room_37 terminal)
(move room_49 place53 place54 right player room_37 terminal)
(move room_28 place52 place53 right player room_37 terminal)
(move room_40 place62 place52 up player room_37 terminal)
(move room_47 place63 place62 left player room_37 terminal)
(move room_35 place64 place63 left player room_37 terminal)
(move room_49 place54 place64 down player room_37 terminal)
(move room_31 place55 place54 left player room_37 terminal)
(move room_30 place56 place55 left player room_37 terminal)
(move room_34 place46 place56 down player room_37 terminal)
(go player room_37 room_31 place44 place54 entrance_4 entrance_50 down up yellow key_yellow)
(go player room_31 room_28 place54 place53 entrance_51 entrance_49 left right black key_black)
(take player key_navy room_28)
(go player room_28 room_31 place53 place54 entrance_49 entrance_51 right left black key_black)
(go player room_31 room_37 place54 place44 entrance_50 entrance_4 up down yellow key_yellow)
(move room_41 place45 place46 right player room_37 terminal)
(move room_30 place55 place45 up player room_37 terminal)
(move room_31 place54 place55 right player room_37 terminal)
(move room_28 place53 place54 right player room_37 terminal)
(move room_40 place52 place53 right player room_37 terminal)
(move room_39 place42 place52 down player room_37 terminal)
(move room_45 place43 place42 left player room_37 terminal)
(move room_37 place44 place43 left player room_37 terminal)
(move room_28 place54 place44 up player room_37 terminal)
(move room_40 place53 place54 right player room_37 terminal)
(move room_37 place43 place53 down player room_37 terminal)
(move room_28 place44 place43 left player room_37 terminal)
(move room_40 place54 place44 up player room_37 terminal)
(move room_31 place55 place54 left player room_37 terminal)
(move room_34 place56 place55 left player room_37 terminal)
(move room_38 place57 place56 left player room_37 terminal)
(move room_29 place58 place57 left player room_37 terminal)
(go player room_37 room_35 place53 place63 entrance_4 entrance_25 down up yellow key_yellow)
(go player room_35 room_47 place63 place62 entrance_63 entrance_58 left right navy key_navy)
(take player key_turquoise room_47)
(go player room_47 room_35 place62 place63 entrance_58 entrance_63 right left navy key_navy)
(go player room_35 room_37 place63 place53 entrance_25 entrance_4 up down yellow key_yellow)
(go player room_37 room_39 place53 place52 entrance_5 entrance_56 left right turquoise key_turquoise)
(take player key_green room_39)
(go player room_39 room_37 place52 place53 entrance_56 entrance_5 right left turquoise key_turquoise)
(move room_29 place57 place58 right player room_37 terminal)
(move room_38 place56 place57 right player room_37 terminal)
(move room_34 place55 place56 right player room_37 terminal)
(move room_31 place54 place55 right player room_37 terminal)
(move room_37 place53 place54 right player room_37 terminal)
(move room_28 place43 place53 down player room_37 terminal)
(move room_40 place44 place43 left player room_37 terminal)
(move room_30 place45 place44 left player room_37 terminal)
(go player room_37 room_49 place54 place64 entrance_4 entrance_69 down up green key_green)
(take player key_gold room_49)
(go player room_49 room_37 place64 place54 entrance_69 entrance_4 up down green key_green)
(move room_30 place44 place45 right player room_37 terminal)
(move room_37 place54 place44 up player room_37 terminal)
(move room_28 place53 place54 right player room_37 terminal)
(move room_39 place52 place53 right player room_37 terminal)
(move room_47 place62 place52 up player room_37 terminal)
(move room_50 place72 place62 up player room_37 terminal)
(move room_33 place73 place72 left player room_37 terminal)
(move room_26 place74 place73 left player room_37 terminal)
(move room_51 place75 place74 left player room_37 terminal)
(move room_52 place76 place75 left player room_37 terminal)
(move room_43 place66 place76 down player room_37 terminal)
(move room_34 place56 place66 down player room_37 terminal)
(move room_31 place55 place56 right player room_37 terminal)
(move room_28 place54 place55 right player room_37 terminal)
(move room_39 place53 place54 right player room_37 terminal)
(move room_35 place63 place53 up player room_37 terminal)
(move room_49 place64 place63 left player room_37 terminal)
(move room_42 place65 place64 left player room_37 terminal)
(move room_34 place66 place65 left player room_37 terminal)
(move room_44 place67 place66 left player room_37 terminal)
(move room_46 place68 place67 left player room_37 terminal)
(move room_29 place58 place68 down player room_37 terminal)
(move room_36 place48 place58 down player room_37 terminal)
(move room_23 place38 place48 down player room_37 terminal)
(move room_22 place37 place38 right player room_37 terminal)
(move room_21 place36 place37 right player room_37 terminal)
(move room_20 place35 place36 right player room_37 terminal)
(move room_19 place34 place35 right player room_37 terminal)
(move room_18 place33 place34 right player room_37 terminal)
(move room_40 place43 place33 up player room_37 terminal)
(move room_37 place44 place43 left player room_37 terminal)
(move room_30 place45 place44 left player room_37 terminal)
(move room_41 place46 place45 left player room_37 terminal)
(move room_27 place47 place46 left player room_37 terminal)
(move room_23 place48 place47 left player room_37 terminal)
(move room_22 place38 place48 down player room_37 terminal)
(move room_21 place37 place38 right player room_37 terminal)
(move room_20 place36 place37 right player room_37 terminal)
(move room_19 place35 place36 right player room_37 terminal)
(move room_41 place45 place35 up player room_37 terminal)
(move room_27 place46 place45 left player room_37 terminal)
(move room_23 place47 place46 left player room_37 terminal)
(move room_38 place57 place47 up player room_37 terminal)
(move room_31 place56 place57 right player room_37 terminal)
(move room_23 place46 place56 down player room_37 terminal)
(move room_27 place45 place46 right player room_37 terminal)
(move room_30 place44 place45 right player room_37 terminal)
(move room_18 place34 place44 down player room_37 terminal)
(move room_41 place35 place34 left player room_37 terminal)
(move room_30 place45 place35 up player room_37 terminal)
(move room_27 place46 place45 left player room_37 terminal)
(move room_38 place47 place46 left player room_37 terminal)
(move room_31 place57 place47 up player room_37 terminal)
(move room_23 place56 place57 right player room_37 terminal)
(move room_28 place55 place56 right player room_37 terminal)
(move room_27 place45 place55 down player room_37 terminal)
(move room_38 place46 place45 left player room_37 terminal)
(move room_28 place56 place46 up player room_37 terminal)
(move room_27 place55 place56 right player room_37 terminal)
(move room_39 place54 place55 right player room_37 terminal)
(move room_18 place44 place54 down player room_37 terminal)
(move room_37 place43 place44 right player room_37 terminal)
(move room_40 place33 place43 down player room_37 terminal)
(move room_41 place34 place33 left player room_37 terminal)
(move room_37 place44 place34 up player room_37 terminal)
(move room_38 place45 place44 left player room_37 terminal)
(move room_28 place46 place45 left player room_37 terminal)
(move room_27 place56 place46 up player room_37 terminal)
(move room_39 place55 place56 right player room_37 terminal)
(move room_28 place45 place55 down player room_37 terminal)
(move room_27 place46 place45 left player room_37 terminal)
(move room_39 place56 place46 up player room_37 terminal)
(move room_28 place55 place56 right player room_37 terminal)
(move room_27 place45 place55 down player room_37 terminal)
(move room_38 place44 place45 right player room_37 terminal)
(move room_37 place34 place44 down player room_37 terminal)
(move room_30 place35 place34 left player room_37 terminal)
(move room_19 place36 place35 left player room_37 terminal)
(move room_39 place46 place36 up player room_37 terminal)
(move room_38 place45 place46 right player room_37 terminal)
(move room_37 place44 place45 right player room_37 terminal)
(move room_30 place34 place44 down player room_37 terminal)
(move room_19 place35 place34 left player room_37 terminal)
(move room_37 place45 place35 up player room_37 terminal)
(move room_27 place55 place45 up player room_37 terminal)
(move room_28 place56 place55 left player room_37 terminal)
(move room_23 place57 place56 left player room_37 terminal)
(move room_31 place47 place57 down player room_37 terminal)
(move room_20 place37 place47 down player room_37 terminal)
(move room_39 place36 place37 right player room_37 terminal)
(move room_37 place35 place36 right player room_37 terminal)
(move room_19 place34 place35 right player room_37 terminal)
(move room_30 place44 place34 up player room_37 terminal)
(move room_27 place45 place44 left player room_37 terminal)
(move room_19 place35 place45 down player room_37 terminal)
(move room_30 place34 place35 right player room_37 terminal)
(move room_41 place33 place34 right player room_37 terminal)
(move room_40 place43 place33 up player room_37 terminal)
(move room_35 place53 place43 up player room_37 terminal)
(go player room_37 room_38 place36 place46 entrance_4 entrance_31 down up yellow key_yellow)
(go player room_38 room_23 place46 place56 entrance_72 entrance_73 down up gold key_gold)
(take player key_grey room_23)
(go player room_23 room_38 place56 place46 entrance_73 entrance_72 up down gold key_gold)
(go player room_38 room_37 place46 place36 entrance_31 entrance_4 up down yellow key_yellow)
(move room_47 place52 place53 right player room_37 terminal)
(move room_25 place51 place52 right player room_37 terminal)
(move room_48 place61 place51 up player room_37 terminal)
(move room_50 place62 place61 left player room_37 terminal)
(move room_25 place52 place62 down player room_37 terminal)
(move room_47 place53 place52 left player room_37 terminal)
(move room_35 place43 place53 down player room_37 terminal)
(move room_45 place42 place43 right player room_37 terminal)
(move room_32 place41 place42 right player room_37 terminal)
(move room_48 place51 place41 up player room_37 terminal)
(move room_47 place52 place51 left player room_37 terminal)
(move room_35 place53 place52 left player room_37 terminal)
(move room_45 place43 place53 down player room_37 terminal)
(move room_40 place33 place43 down player room_37 terminal)
(move room_17 place32 place33 right player room_37 terminal)
(move room_32 place42 place32 up player room_37 terminal)
(move room_40 place43 place42 left player room_37 terminal)
(move room_27 place44 place43 left player room_37 terminal)
(move room_41 place34 place44 down player room_37 terminal)
(move room_17 place33 place34 right player room_37 terminal)
(move room_32 place32 place33 right player room_37 terminal)
(move room_40 place42 place32 up player room_37 terminal)
(move room_27 place43 place42 left player room_37 terminal)
(move room_32 place33 place43 down player room_37 terminal)
(move room_40 place32 place33 right player room_37 terminal)
(move room_27 place42 place32 up player room_37 terminal)
(move room_32 place43 place42 left player room_37 terminal)
(move room_40 place33 place43 down player room_37 terminal)
(move room_27 place32 place33 right player room_37 terminal)
(move room_32 place42 place32 up player room_37 terminal)
(move room_40 place43 place42 left player room_37 terminal)
(move room_41 place44 place43 left player room_37 terminal)
(move room_19 place45 place44 left player room_37 terminal)
(move room_30 place35 place45 down player room_37 terminal)
(move room_17 place34 place35 right player room_37 terminal)
(move room_19 place44 place34 up player room_37 terminal)
(move room_30 place45 place44 left player room_37 terminal)
(move room_38 place46 place45 left player room_37 terminal)
(move room_37 place36 place46 down player room_37 terminal)
(move room_17 place35 place36 right player room_37 terminal)
(move room_38 place45 place35 up player room_37 terminal)
(move room_37 place46 place45 left player room_37 terminal)
(go player room_37 room_30 place45 place44 entrance_5 entrance_8 left right yellow key_yellow)
(go player room_30 room_41 place44 place43 entrance_9 entrance_10 left right yellow key_yellow)
(go player room_41 room_40 place43 place42 entrance_11 entrance_12 left right yellow key_yellow)
(go player room_40 room_35 place42 place52 entrance_71 entrance_25 down up yellow key_yellow)
(go player room_35 room_47 place52 place51 entrance_63 entrance_58 left right navy key_navy)
(go player room_47 room_50 place51 place61 entrance_55 entrance_91 down up turquoise key_turquoise)
(go player room_50 room_24 place61 place71 entrance_92 entrance_93 down up grey key_grey)
(escape player main_exit room_24)
; cost = 393 (unit cost)
